<?xml version="1.0" encoding="UTF-8"?>
<!-- Generated by org.testng.reporters.JUnitReportReporter -->
<testsuite hostname="DESKTOP-PVFDM7N" failures="0" tests="1" name="runnerFile.TestRunnerTestNg" time="12.796" errors="0" timestamp="2023-12-19T02:12:52 IST" skipped="0">
  <testcase classname="runnerFile.TestRunnerTestNg" name="runScenario" time="12.796"/>
  <system-out/>
</testsuite> <!-- runnerFile.TestRunnerTestNg -->
